15:52:12.772[localhost-startStop-1][INFO ]Starting WorkflowApplication on wuxingyedeMacBook-Pro.local with PID 47432 (/Users/wuxingye/git/workflow/target/classes started by wuxingye in /Users/wuxingye/git/workflow)  c.t.w.w.WorkflowApplication.logStarting:50
15:52:12.777[localhost-startStop-1][INFO ]No active profile set, falling back to default profiles: default  c.t.w.w.WorkflowApplication.logStartupProfileInfo:652
15:52:13.526[localhost-startStop-1][INFO ]Refreshing org.springframework.boot.web.servlet.context.AnnotationConfigServletWebServerApplicationContext@2d64b9c5: startup date [Tue Jun 25 15:52:13 CST 2019]; root of context hierarchy  o.s.b.w.s.c.AnnotationConfigServletWebServerApplicationContext.prepareRefresh:589
15:52:20.826[localhost-startStop-1][INFO ]Properties location [classpath:activiti-app.properties] not resolvable: class path resource [activiti-app.properties] cannot be opened because it does not exist  o.s.c.a.ConfigurationClassParser.processPropertySource:452
15:52:20.827[localhost-startStop-1][INFO ]Properties location [file:activiti-app.properties] not resolvable: activiti-app.properties (No such file or directory)  o.s.c.a.ConfigurationClassParser.processPropertySource:452
15:52:23.085[localhost-startStop-1][INFO ]JSR-330 'javax.inject.Inject' annotation found and supported for autowiring  o.s.b.f.a.AutowiredAnnotationBeanPostProcessor.<init>:154
15:52:23.407[localhost-startStop-1][INFO ]Bean 'org.springframework.transaction.annotation.ProxyTransactionManagementConfiguration' of type [org.springframework.transaction.annotation.ProxyTransactionManagementConfiguration$$EnhancerBySpringCGLIB$$bea223fb] is not eligible for getting processed by all BeanPostProcessors (for example: not eligible for auto-proxying)  o.s.c.s.PostProcessorRegistrationDelegate$BeanPostProcessorChecker.postProcessAfterInitialization:328
15:52:23.494[localhost-startStop-1][INFO ]Bean 'org.springframework.security.config.annotation.configuration.ObjectPostProcessorConfiguration' of type [org.springframework.security.config.annotation.configuration.ObjectPostProcessorConfiguration$$EnhancerBySpringCGLIB$$574fec35] is not eligible for getting processed by all BeanPostProcessors (for example: not eligible for auto-proxying)  o.s.c.s.PostProcessorRegistrationDelegate$BeanPostProcessorChecker.postProcessAfterInitialization:328
15:52:23.509[localhost-startStop-1][INFO ]Bean 'objectPostProcessor' of type [org.springframework.security.config.annotation.configuration.AutowireBeanFactoryObjectPostProcessor] is not eligible for getting processed by all BeanPostProcessors (for example: not eligible for auto-proxying)  o.s.c.s.PostProcessorRegistrationDelegate$BeanPostProcessorChecker.postProcessAfterInitialization:328
15:52:23.511[localhost-startStop-1][INFO ]Bean 'org.springframework.security.access.expression.method.DefaultMethodSecurityExpressionHandler@3a37e922' of type [org.springframework.security.access.expression.method.DefaultMethodSecurityExpressionHandler] is not eligible for getting processed by all BeanPostProcessors (for example: not eligible for auto-proxying)  o.s.c.s.PostProcessorRegistrationDelegate$BeanPostProcessorChecker.postProcessAfterInitialization:328
15:52:23.529[localhost-startStop-1][INFO ]Bean 'org.springframework.security.config.annotation.method.configuration.Jsr250MetadataSourceConfiguration' of type [org.springframework.security.config.annotation.method.configuration.Jsr250MetadataSourceConfiguration$$EnhancerBySpringCGLIB$$a179a6fd] is not eligible for getting processed by all BeanPostProcessors (for example: not eligible for auto-proxying)  o.s.c.s.PostProcessorRegistrationDelegate$BeanPostProcessorChecker.postProcessAfterInitialization:328
15:52:23.541[localhost-startStop-1][INFO ]Bean 'jsr250MethodSecurityMetadataSource' of type [org.springframework.security.access.annotation.Jsr250MethodSecurityMetadataSource] is not eligible for getting processed by all BeanPostProcessors (for example: not eligible for auto-proxying)  o.s.c.s.PostProcessorRegistrationDelegate$BeanPostProcessorChecker.postProcessAfterInitialization:328
15:52:23.546[localhost-startStop-1][INFO ]Bean 'org.springframework.security.config.annotation.method.configuration.GlobalMethodSecurityConfiguration' of type [org.springframework.security.config.annotation.method.configuration.GlobalMethodSecurityConfiguration$$EnhancerBySpringCGLIB$$7c248ee7] is not eligible for getting processed by all BeanPostProcessors (for example: not eligible for auto-proxying)  o.s.c.s.PostProcessorRegistrationDelegate$BeanPostProcessorChecker.postProcessAfterInitialization:328
15:52:23.562[localhost-startStop-1][INFO ]Bean 'methodSecurityMetadataSource' of type [org.springframework.security.access.method.DelegatingMethodSecurityMetadataSource] is not eligible for getting processed by all BeanPostProcessors (for example: not eligible for auto-proxying)  o.s.c.s.PostProcessorRegistrationDelegate$BeanPostProcessorChecker.postProcessAfterInitialization:328
15:52:23.657[localhost-startStop-1][INFO ]Initializing Spring embedded WebApplicationContext  o.a.c.c.C.[.[.[/wf].log:183
15:52:23.657[localhost-startStop-1][INFO ]Root WebApplicationContext: initialization completed in 10131 ms  o.s.w.c.ContextLoader.prepareWebApplicationContext:285
15:52:24.765[localhost-startStop-1][INFO ]Init DruidDataSource  c.a.d.s.b.a.DruidDataSourceAutoConfigure.dataSource:56
15:52:25.458[localhost-startStop-1][INFO ]{dataSource-1} inited  c.a.d.p.DruidDataSource.init:923
15:52:26.689[localhost-startStop-1][INFO ]Successfully acquired change log lock  liquibase.info:92
15:52:27.591[localhost-startStop-1][INFO ]Creating database history table with name: workflow.DATABASECHANGELOG  liquibase.info:92
15:52:27.633[localhost-startStop-1][INFO ]Reading from workflow.DATABASECHANGELOG  liquibase.info:92
15:52:27.690[localhost-startStop-1][INFO ]classpath:META-INF/liquibase/activiti-app-db-changelog.xml: classpath:META-INF/liquibase/activiti-app-db-changelog.xml::1::activiti: Table HIBERNATE_SEQUENCES created  liquibase.info:92
15:52:27.705[localhost-startStop-1][ERROR]classpath:META-INF/liquibase/activiti-app-db-changelog.xml: classpath:META-INF/liquibase/activiti-app-db-changelog.xml::1::activiti: Change Set classpath:META-INF/liquibase/activiti-app-db-changelog.xml::1::activiti failed.  Error: Table 'ACT_IDM_PERSISTENT_TOKEN' already exists [Failed SQL: CREATE TABLE workflow.ACT_IDM_PERSISTENT_TOKEN (series VARCHAR(255) NOT NULL, user_id VARCHAR(255) NULL, token_value VARCHAR(255) NULL, token_date datetime(6) NULL, ip_address VARCHAR(39) NULL, user_agent VARCHAR(255) NULL, CONSTRAINT PK_ACT_IDM_PERSISTENT_TOKEN PRIMARY KEY (series))]  liquibase.severe:64
15:52:27.726[localhost-startStop-1][INFO ]classpath:META-INF/liquibase/activiti-app-db-changelog.xml::1::activiti: Successfully released change log lock  liquibase.info:92
15:52:27.731[localhost-startStop-1][WARN ]Exception encountered during context initialization - cancelling refresh attempt: org.springframework.context.ApplicationContextException: Unable to start web server; nested exception is org.springframework.beans.factory.BeanCreationException: Error creating bean with name 'servletEndpointRegistrar' defined in class path resource [org/springframework/boot/actuate/autoconfigure/endpoint/web/ServletEndpointManagementContextConfiguration.class]: Bean instantiation via factory method failed; nested exception is org.springframework.beans.BeanInstantiationException: Failed to instantiate [org.springframework.boot.actuate.endpoint.web.ServletEndpointRegistrar]: Factory method 'servletEndpointRegistrar' threw exception; nested exception is org.springframework.beans.factory.UnsatisfiedDependencyException: Error creating bean with name 'processEngineEndpoint' defined in class path resource [org/activiti/spring/boot/EndpointAutoConfiguration.class]: Unsatisfied dependency expressed through method 'processEngineEndpoint' parameter 0; nested exception is org.springframework.beans.factory.UnsatisfiedDependencyException: Error creating bean with name 'processEngine' defined in class path resource [org/activiti/spring/boot/JpaProcessEngineAutoConfiguration$JpaConfiguration.class]: Unsatisfied dependency expressed through method 'processEngine' parameter 0; nested exception is org.springframework.beans.factory.UnsatisfiedDependencyException: Error creating bean with name 'springProcessEngineConfiguration' defined in class path resource [org/activiti/spring/boot/JpaProcessEngineAutoConfiguration$JpaConfiguration.class]: Unsatisfied dependency expressed through method 'springProcessEngineConfiguration' parameter 1; nested exception is org.springframework.beans.factory.BeanCreationException: Error creating bean with name 'liquibase' defined in class path resource [org/springframework/boot/autoconfigure/liquibase/LiquibaseAutoConfiguration$LiquibaseConfiguration.class]: Invocation of init method failed; nested exception is liquibase.exception.MigrationFailedException: Migration failed for change set classpath:META-INF/liquibase/activiti-app-db-changelog.xml::1::activiti:
     Reason: liquibase.exception.DatabaseException: Table 'ACT_IDM_PERSISTENT_TOKEN' already exists [Failed SQL: CREATE TABLE workflow.ACT_IDM_PERSISTENT_TOKEN (series VARCHAR(255) NOT NULL, user_id VARCHAR(255) NULL, token_value VARCHAR(255) NULL, token_date datetime(6) NULL, ip_address VARCHAR(39) NULL, user_agent VARCHAR(255) NULL, CONSTRAINT PK_ACT_IDM_PERSISTENT_TOKEN PRIMARY KEY (series))]  o.s.b.w.s.c.AnnotationConfigServletWebServerApplicationContext.refresh:557
15:52:27.735[localhost-startStop-1][INFO ]{dataSource-1} closed  c.a.d.p.DruidDataSource.close:1818
15:52:27.748[localhost-startStop-1][INFO ]

Error starting ApplicationContext. To display the conditions report re-run your application with 'debug' enabled.  o.s.b.a.l.ConditionEvaluationReportLoggingListener.logAutoConfigurationReport:101
15:52:27.753[localhost-startStop-1][ERROR]Application run failed  o.s.b.SpringApplication.reportFailure:833
org.springframework.context.ApplicationContextException: Unable to start web server; nested exception is org.springframework.beans.factory.BeanCreationException: Error creating bean with name 'servletEndpointRegistrar' defined in class path resource [org/springframework/boot/actuate/autoconfigure/endpoint/web/ServletEndpointManagementContextConfiguration.class]: Bean instantiation via factory method failed; nested exception is org.springframework.beans.BeanInstantiationException: Failed to instantiate [org.springframework.boot.actuate.endpoint.web.ServletEndpointRegistrar]: Factory method 'servletEndpointRegistrar' threw exception; nested exception is org.springframework.beans.factory.UnsatisfiedDependencyException: Error creating bean with name 'processEngineEndpoint' defined in class path resource [org/activiti/spring/boot/EndpointAutoConfiguration.class]: Unsatisfied dependency expressed through method 'processEngineEndpoint' parameter 0; nested exception is org.springframework.beans.factory.UnsatisfiedDependencyException: Error creating bean with name 'processEngine' defined in class path resource [org/activiti/spring/boot/JpaProcessEngineAutoConfiguration$JpaConfiguration.class]: Unsatisfied dependency expressed through method 'processEngine' parameter 0; nested exception is org.springframework.beans.factory.UnsatisfiedDependencyException: Error creating bean with name 'springProcessEngineConfiguration' defined in class path resource [org/activiti/spring/boot/JpaProcessEngineAutoConfiguration$JpaConfiguration.class]: Unsatisfied dependency expressed through method 'springProcessEngineConfiguration' parameter 1; nested exception is org.springframework.beans.factory.BeanCreationException: Error creating bean with name 'liquibase' defined in class path resource [org/springframework/boot/autoconfigure/liquibase/LiquibaseAutoConfiguration$LiquibaseConfiguration.class]: Invocation of init method failed; nested exception is liquibase.exception.MigrationFailedException: Migration failed for change set classpath:META-INF/liquibase/activiti-app-db-changelog.xml::1::activiti:
     Reason: liquibase.exception.DatabaseException: Table 'ACT_IDM_PERSISTENT_TOKEN' already exists [Failed SQL: CREATE TABLE workflow.ACT_IDM_PERSISTENT_TOKEN (series VARCHAR(255) NOT NULL, user_id VARCHAR(255) NULL, token_value VARCHAR(255) NULL, token_date datetime(6) NULL, ip_address VARCHAR(39) NULL, user_agent VARCHAR(255) NULL, CONSTRAINT PK_ACT_IDM_PERSISTENT_TOKEN PRIMARY KEY (series))]
	at org.springframework.boot.web.servlet.context.ServletWebServerApplicationContext.onRefresh(ServletWebServerApplicationContext.java:155)
	at org.springframework.context.support.AbstractApplicationContext.refresh(AbstractApplicationContext.java:543)
	at org.springframework.boot.web.servlet.context.ServletWebServerApplicationContext.refresh(ServletWebServerApplicationContext.java:140)
	at org.springframework.boot.SpringApplication.refresh(SpringApplication.java:752)
	at org.springframework.boot.SpringApplication.refreshContext(SpringApplication.java:388)
	at org.springframework.boot.SpringApplication.run(SpringApplication.java:327)
	at org.springframework.boot.web.servlet.support.SpringBootServletInitializer.run(SpringBootServletInitializer.java:155)
	at org.springframework.boot.web.servlet.support.SpringBootServletInitializer.createRootApplicationContext(SpringBootServletInitializer.java:135)
	at org.springframework.boot.web.servlet.support.SpringBootServletInitializer.onStartup(SpringBootServletInitializer.java:87)
	at org.springframework.web.SpringServletContainerInitializer.onStartup(SpringServletContainerInitializer.java:172)
	at org.apache.catalina.core.StandardContext.startInternal(StandardContext.java:5423)
	at org.apache.catalina.util.LifecycleBase.start(LifecycleBase.java:150)
	at org.apache.catalina.core.ContainerBase$StartChild.call(ContainerBase.java:1559)
	at org.apache.catalina.core.ContainerBase$StartChild.call(ContainerBase.java:1549)
	at java.util.concurrent.FutureTask.run$$$capture(FutureTask.java:266)
	at java.util.concurrent.FutureTask.run(FutureTask.java)
	at java.util.concurrent.ThreadPoolExecutor.runWorker(ThreadPoolExecutor.java:1149)
	at java.util.concurrent.ThreadPoolExecutor$Worker.run(ThreadPoolExecutor.java:624)
	at java.lang.Thread.run(Thread.java:748)
Caused by: org.springframework.beans.factory.BeanCreationException: Error creating bean with name 'servletEndpointRegistrar' defined in class path resource [org/springframework/boot/actuate/autoconfigure/endpoint/web/ServletEndpointManagementContextConfiguration.class]: Bean instantiation via factory method failed; nested exception is org.springframework.beans.BeanInstantiationException: Failed to instantiate [org.springframework.boot.actuate.endpoint.web.ServletEndpointRegistrar]: Factory method 'servletEndpointRegistrar' threw exception; nested exception is org.springframework.beans.factory.UnsatisfiedDependencyException: Error creating bean with name 'processEngineEndpoint' defined in class path resource [org/activiti/spring/boot/EndpointAutoConfiguration.class]: Unsatisfied dependency expressed through method 'processEngineEndpoint' parameter 0; nested exception is org.springframework.beans.factory.UnsatisfiedDependencyException: Error creating bean with name 'processEngine' defined in class path resource [org/activiti/spring/boot/JpaProcessEngineAutoConfiguration$JpaConfiguration.class]: Unsatisfied dependency expressed through method 'processEngine' parameter 0; nested exception is org.springframework.beans.factory.UnsatisfiedDependencyException: Error creating bean with name 'springProcessEngineConfiguration' defined in class path resource [org/activiti/spring/boot/JpaProcessEngineAutoConfiguration$JpaConfiguration.class]: Unsatisfied dependency expressed through method 'springProcessEngineConfiguration' parameter 1; nested exception is org.springframework.beans.factory.BeanCreationException: Error creating bean with name 'liquibase' defined in class path resource [org/springframework/boot/autoconfigure/liquibase/LiquibaseAutoConfiguration$LiquibaseConfiguration.class]: Invocation of init method failed; nested exception is liquibase.exception.MigrationFailedException: Migration failed for change set classpath:META-INF/liquibase/activiti-app-db-changelog.xml::1::activiti:
     Reason: liquibase.exception.DatabaseException: Table 'ACT_IDM_PERSISTENT_TOKEN' already exists [Failed SQL: CREATE TABLE workflow.ACT_IDM_PERSISTENT_TOKEN (series VARCHAR(255) NOT NULL, user_id VARCHAR(255) NULL, token_value VARCHAR(255) NULL, token_date datetime(6) NULL, ip_address VARCHAR(39) NULL, user_agent VARCHAR(255) NULL, CONSTRAINT PK_ACT_IDM_PERSISTENT_TOKEN PRIMARY KEY (series))]
	at org.springframework.beans.factory.support.ConstructorResolver.instantiateUsingFactoryMethod(ConstructorResolver.java:587)
	at org.springframework.beans.factory.support.AbstractAutowireCapableBeanFactory.instantiateUsingFactoryMethod(AbstractAutowireCapableBeanFactory.java:1250)
	at org.springframework.beans.factory.support.AbstractAutowireCapableBeanFactory.createBeanInstance(AbstractAutowireCapableBeanFactory.java:1099)
	at org.springframework.beans.factory.support.AbstractAutowireCapableBeanFactory.doCreateBean(AbstractAutowireCapableBeanFactory.java:545)
	at org.springframework.beans.factory.support.AbstractAutowireCapableBeanFactory.createBean(AbstractAutowireCapableBeanFactory.java:502)
	at org.springframework.beans.factory.support.AbstractBeanFactory.lambda$doGetBean$0(AbstractBeanFactory.java:312)
	at org.springframework.beans.factory.support.DefaultSingletonBeanRegistry.getSingleton(DefaultSingletonBeanRegistry.java:228)
	at org.springframework.beans.factory.support.AbstractBeanFactory.doGetBean(AbstractBeanFactory.java:310)
	at org.springframework.beans.factory.support.AbstractBeanFactory.getBean(AbstractBeanFactory.java:205)
	at org.springframework.boot.web.servlet.ServletContextInitializerBeans.getOrderedBeansOfType(ServletContextInitializerBeans.java:226)
	at org.springframework.boot.web.servlet.ServletContextInitializerBeans.getOrderedBeansOfType(ServletContextInitializerBeans.java:214)
	at org.springframework.boot.web.servlet.ServletContextInitializerBeans.addServletContextInitializerBeans(ServletContextInitializerBeans.java:91)
	at org.springframework.boot.web.servlet.ServletContextInitializerBeans.<init>(ServletContextInitializerBeans.java:79)
	at org.springframework.boot.web.servlet.context.ServletWebServerApplicationContext.getServletContextInitializerBeans(ServletWebServerApplicationContext.java:250)
	at org.springframework.boot.web.servlet.context.ServletWebServerApplicationContext.selfInitialize(ServletWebServerApplicationContext.java:237)
	at org.springframework.boot.web.servlet.context.ServletWebServerApplicationContext.createWebServer(ServletWebServerApplicationContext.java:183)
	at org.springframework.boot.web.servlet.context.ServletWebServerApplicationContext.onRefresh(ServletWebServerApplicationContext.java:152)
	... 18 common frames omitted
Caused by: org.springframework.beans.BeanInstantiationException: Failed to instantiate [org.springframework.boot.actuate.endpoint.web.ServletEndpointRegistrar]: Factory method 'servletEndpointRegistrar' threw exception; nested exception is org.springframework.beans.factory.UnsatisfiedDependencyException: Error creating bean with name 'processEngineEndpoint' defined in class path resource [org/activiti/spring/boot/EndpointAutoConfiguration.class]: Unsatisfied dependency expressed through method 'processEngineEndpoint' parameter 0; nested exception is org.springframework.beans.factory.UnsatisfiedDependencyException: Error creating bean with name 'processEngine' defined in class path resource [org/activiti/spring/boot/JpaProcessEngineAutoConfiguration$JpaConfiguration.class]: Unsatisfied dependency expressed through method 'processEngine' parameter 0; nested exception is org.springframework.beans.factory.UnsatisfiedDependencyException: Error creating bean with name 'springProcessEngineConfiguration' defined in class path resource [org/activiti/spring/boot/JpaProcessEngineAutoConfiguration$JpaConfiguration.class]: Unsatisfied dependency expressed through method 'springProcessEngineConfiguration' parameter 1; nested exception is org.springframework.beans.factory.BeanCreationException: Error creating bean with name 'liquibase' defined in class path resource [org/springframework/boot/autoconfigure/liquibase/LiquibaseAutoConfiguration$LiquibaseConfiguration.class]: Invocation of init method failed; nested exception is liquibase.exception.MigrationFailedException: Migration failed for change set classpath:META-INF/liquibase/activiti-app-db-changelog.xml::1::activiti:
     Reason: liquibase.exception.DatabaseException: Table 'ACT_IDM_PERSISTENT_TOKEN' already exists [Failed SQL: CREATE TABLE workflow.ACT_IDM_PERSISTENT_TOKEN (series VARCHAR(255) NOT NULL, user_id VARCHAR(255) NULL, token_value VARCHAR(255) NULL, token_date datetime(6) NULL, ip_address VARCHAR(39) NULL, user_agent VARCHAR(255) NULL, CONSTRAINT PK_ACT_IDM_PERSISTENT_TOKEN PRIMARY KEY (series))]
	at org.springframework.beans.factory.support.SimpleInstantiationStrategy.instantiate(SimpleInstantiationStrategy.java:185)
	at org.springframework.beans.factory.support.ConstructorResolver.instantiateUsingFactoryMethod(ConstructorResolver.java:579)
	... 34 common frames omitted
Caused by: org.springframework.beans.factory.UnsatisfiedDependencyException: Error creating bean with name 'processEngineEndpoint' defined in class path resource [org/activiti/spring/boot/EndpointAutoConfiguration.class]: Unsatisfied dependency expressed through method 'processEngineEndpoint' parameter 0; nested exception is org.springframework.beans.factory.UnsatisfiedDependencyException: Error creating bean with name 'processEngine' defined in class path resource [org/activiti/spring/boot/JpaProcessEngineAutoConfiguration$JpaConfiguration.class]: Unsatisfied dependency expressed through method 'processEngine' parameter 0; nested exception is org.springframework.beans.factory.UnsatisfiedDependencyException: Error creating bean with name 'springProcessEngineConfiguration' defined in class path resource [org/activiti/spring/boot/JpaProcessEngineAutoConfiguration$JpaConfiguration.class]: Unsatisfied dependency expressed through method 'springProcessEngineConfiguration' parameter 1; nested exception is org.springframework.beans.factory.BeanCreationException: Error creating bean with name 'liquibase' defined in class path resource [org/springframework/boot/autoconfigure/liquibase/LiquibaseAutoConfiguration$LiquibaseConfiguration.class]: Invocation of init method failed; nested exception is liquibase.exception.MigrationFailedException: Migration failed for change set classpath:META-INF/liquibase/activiti-app-db-changelog.xml::1::activiti:
     Reason: liquibase.exception.DatabaseException: Table 'ACT_IDM_PERSISTENT_TOKEN' already exists [Failed SQL: CREATE TABLE workflow.ACT_IDM_PERSISTENT_TOKEN (series VARCHAR(255) NOT NULL, user_id VARCHAR(255) NULL, token_value VARCHAR(255) NULL, token_date datetime(6) NULL, ip_address VARCHAR(39) NULL, user_agent VARCHAR(255) NULL, CONSTRAINT PK_ACT_IDM_PERSISTENT_TOKEN PRIMARY KEY (series))]
	at org.springframework.beans.factory.support.ConstructorResolver.createArgumentArray(ConstructorResolver.java:729)
	at org.springframework.beans.factory.support.ConstructorResolver.instantiateUsingFactoryMethod(ConstructorResolver.java:470)
	at org.springframework.beans.factory.support.AbstractAutowireCapableBeanFactory.instantiateUsingFactoryMethod(AbstractAutowireCapableBeanFactory.java:1250)
	at org.springframework.beans.factory.support.AbstractAutowireCapableBeanFactory.createBeanInstance(AbstractAutowireCapableBeanFactory.java:1099)
	at org.springframework.beans.factory.support.AbstractAutowireCapableBeanFactory.doCreateBean(AbstractAutowireCapableBeanFactory.java:545)
	at org.springframework.beans.factory.support.AbstractAutowireCapableBeanFactory.createBean(AbstractAutowireCapableBeanFactory.java:502)
	at org.springframework.beans.factory.support.AbstractBeanFactory.lambda$doGetBean$0(AbstractBeanFactory.java:312)
	at org.springframework.beans.factory.support.DefaultSingletonBeanRegistry.getSingleton(DefaultSingletonBeanRegistry.java:228)
	at org.springframework.beans.factory.support.AbstractBeanFactory.doGetBean(AbstractBeanFactory.java:310)
	at org.springframework.beans.factory.support.AbstractBeanFactory.getBean(AbstractBeanFactory.java:200)
	at org.springframework.context.support.AbstractApplicationContext.getBean(AbstractApplicationContext.java:1085)
	at org.springframework.boot.actuate.endpoint.annotation.EndpointDiscoverer.createEndpointBean(EndpointDiscoverer.java:143)
	at org.springframework.boot.actuate.endpoint.annotation.EndpointDiscoverer.createEndpointBeans(EndpointDiscoverer.java:132)
	at org.springframework.boot.actuate.endpoint.annotation.EndpointDiscoverer.discoverEndpoints(EndpointDiscoverer.java:122)
	at org.springframework.boot.actuate.endpoint.annotation.EndpointDiscoverer.getEndpoints(EndpointDiscoverer.java:116)
	at org.springframework.boot.actuate.autoconfigure.endpoint.web.ServletEndpointManagementContextConfiguration.servletEndpointRegistrar(ServletEndpointManagementContextConfiguration.java:46)
	at org.springframework.boot.actuate.autoconfigure.endpoint.web.ServletEndpointManagementContextConfiguration$$EnhancerBySpringCGLIB$$911c539c.CGLIB$servletEndpointRegistrar$1(<generated>)
	at org.springframework.boot.actuate.autoconfigure.endpoint.web.ServletEndpointManagementContextConfiguration$$EnhancerBySpringCGLIB$$911c539c$$FastClassBySpringCGLIB$$787503cf.invoke(<generated>)
	at org.springframework.cglib.proxy.MethodProxy.invokeSuper(MethodProxy.java:228)
	at org.springframework.context.annotation.ConfigurationClassEnhancer$BeanMethodInterceptor.intercept(ConfigurationClassEnhancer.java:361)
	at org.springframework.boot.actuate.autoconfigure.endpoint.web.ServletEndpointManagementContextConfiguration$$EnhancerBySpringCGLIB$$911c539c.servletEndpointRegistrar(<generated>)
	at sun.reflect.NativeMethodAccessorImpl.invoke0(Native Method)
	at sun.reflect.NativeMethodAccessorImpl.invoke(NativeMethodAccessorImpl.java:62)
	at sun.reflect.DelegatingMethodAccessorImpl.invoke(DelegatingMethodAccessorImpl.java:43)
	at java.lang.reflect.Method.invoke(Method.java:498)
	at org.springframework.beans.factory.support.SimpleInstantiationStrategy.instantiate(SimpleInstantiationStrategy.java:154)
	... 35 common frames omitted
Caused by: org.springframework.beans.factory.UnsatisfiedDependencyException: Error creating bean with name 'processEngine' defined in class path resource [org/activiti/spring/boot/JpaProcessEngineAutoConfiguration$JpaConfiguration.class]: Unsatisfied dependency expressed through method 'processEngine' parameter 0; nested exception is org.springframework.beans.factory.UnsatisfiedDependencyException: Error creating bean with name 'springProcessEngineConfiguration' defined in class path resource [org/activiti/spring/boot/JpaProcessEngineAutoConfiguration$JpaConfiguration.class]: Unsatisfied dependency expressed through method 'springProcessEngineConfiguration' parameter 1; nested exception is org.springframework.beans.factory.BeanCreationException: Error creating bean with name 'liquibase' defined in class path resource [org/springframework/boot/autoconfigure/liquibase/LiquibaseAutoConfiguration$LiquibaseConfiguration.class]: Invocation of init method failed; nested exception is liquibase.exception.MigrationFailedException: Migration failed for change set classpath:META-INF/liquibase/activiti-app-db-changelog.xml::1::activiti:
     Reason: liquibase.exception.DatabaseException: Table 'ACT_IDM_PERSISTENT_TOKEN' already exists [Failed SQL: CREATE TABLE workflow.ACT_IDM_PERSISTENT_TOKEN (series VARCHAR(255) NOT NULL, user_id VARCHAR(255) NULL, token_value VARCHAR(255) NULL, token_date datetime(6) NULL, ip_address VARCHAR(39) NULL, user_agent VARCHAR(255) NULL, CONSTRAINT PK_ACT_IDM_PERSISTENT_TOKEN PRIMARY KEY (series))]
	at org.springframework.beans.factory.support.ConstructorResolver.createArgumentArray(ConstructorResolver.java:729)
	at org.springframework.beans.factory.support.ConstructorResolver.instantiateUsingFactoryMethod(ConstructorResolver.java:470)
	at org.springframework.beans.factory.support.AbstractAutowireCapableBeanFactory.instantiateUsingFactoryMethod(AbstractAutowireCapableBeanFactory.java:1250)
	at org.springframework.beans.factory.support.AbstractAutowireCapableBeanFactory.createBeanInstance(AbstractAutowireCapableBeanFactory.java:1099)
	at org.springframework.beans.factory.support.AbstractAutowireCapableBeanFactory.doCreateBean(AbstractAutowireCapableBeanFactory.java:545)
	at org.springframework.beans.factory.support.AbstractAutowireCapableBeanFactory.createBean(AbstractAutowireCapableBeanFactory.java:502)
	at org.springframework.beans.factory.support.AbstractBeanFactory.lambda$doGetBean$0(AbstractBeanFactory.java:312)
	at org.springframework.beans.factory.support.DefaultSingletonBeanRegistry.getSingleton(DefaultSingletonBeanRegistry.java:228)
	at org.springframework.beans.factory.support.AbstractBeanFactory.doGetBean(AbstractBeanFactory.java:310)
	at org.springframework.beans.factory.support.AbstractBeanFactory.getBean(AbstractBeanFactory.java:200)
	at org.springframework.beans.factory.config.DependencyDescriptor.resolveCandidate(DependencyDescriptor.java:251)
	at org.springframework.beans.factory.support.DefaultListableBeanFactory.doResolveDependency(DefaultListableBeanFactory.java:1138)
	at org.springframework.beans.factory.support.DefaultListableBeanFactory.resolveDependency(DefaultListableBeanFactory.java:1065)
	at org.springframework.beans.factory.support.ConstructorResolver.resolveAutowiredArgument(ConstructorResolver.java:815)
	at org.springframework.beans.factory.support.ConstructorResolver.createArgumentArray(ConstructorResolver.java:721)
	... 60 common frames omitted
Caused by: org.springframework.beans.factory.UnsatisfiedDependencyException: Error creating bean with name 'springProcessEngineConfiguration' defined in class path resource [org/activiti/spring/boot/JpaProcessEngineAutoConfiguration$JpaConfiguration.class]: Unsatisfied dependency expressed through method 'springProcessEngineConfiguration' parameter 1; nested exception is org.springframework.beans.factory.BeanCreationException: Error creating bean with name 'liquibase' defined in class path resource [org/springframework/boot/autoconfigure/liquibase/LiquibaseAutoConfiguration$LiquibaseConfiguration.class]: Invocation of init method failed; nested exception is liquibase.exception.MigrationFailedException: Migration failed for change set classpath:META-INF/liquibase/activiti-app-db-changelog.xml::1::activiti:
     Reason: liquibase.exception.DatabaseException: Table 'ACT_IDM_PERSISTENT_TOKEN' already exists [Failed SQL: CREATE TABLE workflow.ACT_IDM_PERSISTENT_TOKEN (series VARCHAR(255) NOT NULL, user_id VARCHAR(255) NULL, token_value VARCHAR(255) NULL, token_date datetime(6) NULL, ip_address VARCHAR(39) NULL, user_agent VARCHAR(255) NULL, CONSTRAINT PK_ACT_IDM_PERSISTENT_TOKEN PRIMARY KEY (series))]
	at org.springframework.beans.factory.support.ConstructorResolver.createArgumentArray(ConstructorResolver.java:729)
	at org.springframework.beans.factory.support.ConstructorResolver.instantiateUsingFactoryMethod(ConstructorResolver.java:470)
	at org.springframework.beans.factory.support.AbstractAutowireCapableBeanFactory.instantiateUsingFactoryMethod(AbstractAutowireCapableBeanFactory.java:1250)
	at org.springframework.beans.factory.support.AbstractAutowireCapableBeanFactory.createBeanInstance(AbstractAutowireCapableBeanFactory.java:1099)
	at org.springframework.beans.factory.support.AbstractAutowireCapableBeanFactory.doCreateBean(AbstractAutowireCapableBeanFactory.java:545)
	at org.springframework.beans.factory.support.AbstractAutowireCapableBeanFactory.createBean(AbstractAutowireCapableBeanFactory.java:502)
	at org.springframework.beans.factory.support.AbstractBeanFactory.lambda$doGetBean$0(AbstractBeanFactory.java:312)
	at org.springframework.beans.factory.support.DefaultSingletonBeanRegistry.getSingleton(DefaultSingletonBeanRegistry.java:228)
	at org.springframework.beans.factory.support.AbstractBeanFactory.doGetBean(AbstractBeanFactory.java:310)
	at org.springframework.beans.factory.support.AbstractBeanFactory.getBean(AbstractBeanFactory.java:200)
	at org.springframework.beans.factory.config.DependencyDescriptor.resolveCandidate(DependencyDescriptor.java:251)
	at org.springframework.beans.factory.support.DefaultListableBeanFactory.doResolveDependency(DefaultListableBeanFactory.java:1138)
	at org.springframework.beans.factory.support.DefaultListableBeanFactory.resolveDependency(DefaultListableBeanFactory.java:1065)
	at org.springframework.beans.factory.support.ConstructorResolver.resolveAutowiredArgument(ConstructorResolver.java:815)
	at org.springframework.beans.factory.support.ConstructorResolver.createArgumentArray(ConstructorResolver.java:721)
	... 74 common frames omitted
Caused by: org.springframework.beans.factory.BeanCreationException: Error creating bean with name 'liquibase' defined in class path resource [org/springframework/boot/autoconfigure/liquibase/LiquibaseAutoConfiguration$LiquibaseConfiguration.class]: Invocation of init method failed; nested exception is liquibase.exception.MigrationFailedException: Migration failed for change set classpath:META-INF/liquibase/activiti-app-db-changelog.xml::1::activiti:
     Reason: liquibase.exception.DatabaseException: Table 'ACT_IDM_PERSISTENT_TOKEN' already exists [Failed SQL: CREATE TABLE workflow.ACT_IDM_PERSISTENT_TOKEN (series VARCHAR(255) NOT NULL, user_id VARCHAR(255) NULL, token_value VARCHAR(255) NULL, token_date datetime(6) NULL, ip_address VARCHAR(39) NULL, user_agent VARCHAR(255) NULL, CONSTRAINT PK_ACT_IDM_PERSISTENT_TOKEN PRIMARY KEY (series))]
	at org.springframework.beans.factory.support.AbstractAutowireCapableBeanFactory.initializeBean(AbstractAutowireCapableBeanFactory.java:1710)
	at org.springframework.beans.factory.support.AbstractAutowireCapableBeanFactory.doCreateBean(AbstractAutowireCapableBeanFactory.java:583)
	at org.springframework.beans.factory.support.AbstractAutowireCapableBeanFactory.createBean(AbstractAutowireCapableBeanFactory.java:502)
	at org.springframework.beans.factory.support.AbstractBeanFactory.lambda$doGetBean$0(AbstractBeanFactory.java:312)
	at org.springframework.beans.factory.support.DefaultSingletonBeanRegistry.getSingleton(DefaultSingletonBeanRegistry.java:228)
	at org.springframework.beans.factory.support.AbstractBeanFactory.doGetBean(AbstractBeanFactory.java:310)
	at org.springframework.beans.factory.support.AbstractBeanFactory.getBean(AbstractBeanFactory.java:200)
	at org.springframework.beans.factory.support.AbstractBeanFactory.doGetBean(AbstractBeanFactory.java:304)
	at org.springframework.beans.factory.support.AbstractBeanFactory.getBean(AbstractBeanFactory.java:200)
	at org.springframework.beans.factory.config.DependencyDescriptor.resolveCandidate(DependencyDescriptor.java:251)
	at org.springframework.beans.factory.support.DefaultListableBeanFactory.doResolveDependency(DefaultListableBeanFactory.java:1138)
	at org.springframework.beans.factory.support.DefaultListableBeanFactory.resolveDependency(DefaultListableBeanFactory.java:1065)
	at org.springframework.beans.factory.support.ConstructorResolver.resolveAutowiredArgument(ConstructorResolver.java:815)
	at org.springframework.beans.factory.support.ConstructorResolver.createArgumentArray(ConstructorResolver.java:721)
	... 88 common frames omitted
Caused by: liquibase.exception.MigrationFailedException: Migration failed for change set classpath:META-INF/liquibase/activiti-app-db-changelog.xml::1::activiti:
     Reason: liquibase.exception.DatabaseException: Table 'ACT_IDM_PERSISTENT_TOKEN' already exists [Failed SQL: CREATE TABLE workflow.ACT_IDM_PERSISTENT_TOKEN (series VARCHAR(255) NOT NULL, user_id VARCHAR(255) NULL, token_value VARCHAR(255) NULL, token_date datetime(6) NULL, ip_address VARCHAR(39) NULL, user_agent VARCHAR(255) NULL, CONSTRAINT PK_ACT_IDM_PERSISTENT_TOKEN PRIMARY KEY (series))]
	at liquibase.changelog.ChangeSet.execute(ChangeSet.java:619)
	at liquibase.changelog.visitor.UpdateVisitor.visit(UpdateVisitor.java:51)
	at liquibase.changelog.ChangeLogIterator.run(ChangeLogIterator.java:79)
	at liquibase.Liquibase.update(Liquibase.java:214)
	at liquibase.Liquibase.update(Liquibase.java:192)
	at liquibase.integration.spring.SpringLiquibase.performUpdate(SpringLiquibase.java:431)
	at liquibase.integration.spring.SpringLiquibase.afterPropertiesSet(SpringLiquibase.java:388)
	at org.springframework.beans.factory.support.AbstractAutowireCapableBeanFactory.invokeInitMethods(AbstractAutowireCapableBeanFactory.java:1769)
	at org.springframework.beans.factory.support.AbstractAutowireCapableBeanFactory.initializeBean(AbstractAutowireCapableBeanFactory.java:1706)
	... 101 common frames omitted
Caused by: liquibase.exception.DatabaseException: Table 'ACT_IDM_PERSISTENT_TOKEN' already exists [Failed SQL: CREATE TABLE workflow.ACT_IDM_PERSISTENT_TOKEN (series VARCHAR(255) NOT NULL, user_id VARCHAR(255) NULL, token_value VARCHAR(255) NULL, token_date datetime(6) NULL, ip_address VARCHAR(39) NULL, user_agent VARCHAR(255) NULL, CONSTRAINT PK_ACT_IDM_PERSISTENT_TOKEN PRIMARY KEY (series))]
	at liquibase.executor.jvm.JdbcExecutor$ExecuteStatementCallback.doInStatement(JdbcExecutor.java:309)
	at liquibase.executor.jvm.JdbcExecutor.execute(JdbcExecutor.java:55)
	at liquibase.executor.jvm.JdbcExecutor.execute(JdbcExecutor.java:113)
	at liquibase.database.AbstractJdbcDatabase.execute(AbstractJdbcDatabase.java:1277)
	at liquibase.database.AbstractJdbcDatabase.executeStatements(AbstractJdbcDatabase.java:1259)
	at liquibase.changelog.ChangeSet.execute(ChangeSet.java:582)
	... 109 common frames omitted
Caused by: com.mysql.jdbc.exceptions.jdbc4.MySQLSyntaxErrorException: Table 'ACT_IDM_PERSISTENT_TOKEN' already exists
	at sun.reflect.NativeConstructorAccessorImpl.newInstance0(Native Method)
	at sun.reflect.NativeConstructorAccessorImpl.newInstance(NativeConstructorAccessorImpl.java:62)
	at sun.reflect.DelegatingConstructorAccessorImpl.newInstance(DelegatingConstructorAccessorImpl.java:45)
	at java.lang.reflect.Constructor.newInstance(Constructor.java:423)
	at com.mysql.jdbc.Util.handleNewInstance(Util.java:425)
	at com.mysql.jdbc.Util.getInstance(Util.java:408)
	at com.mysql.jdbc.SQLError.createSQLException(SQLError.java:944)
	at com.mysql.jdbc.MysqlIO.checkErrorPacket(MysqlIO.java:3973)
	at com.mysql.jdbc.MysqlIO.checkErrorPacket(MysqlIO.java:3909)
	at com.mysql.jdbc.MysqlIO.sendCommand(MysqlIO.java:2527)
	at com.mysql.jdbc.MysqlIO.sqlQueryDirect(MysqlIO.java:2680)
	at com.mysql.jdbc.ConnectionImpl.execSQL(ConnectionImpl.java:2480)
	at com.mysql.jdbc.ConnectionImpl.execSQL(ConnectionImpl.java:2438)
	at com.mysql.jdbc.StatementImpl.executeInternal(StatementImpl.java:845)
	at com.mysql.jdbc.StatementImpl.execute(StatementImpl.java:745)
	at com.alibaba.druid.filter.FilterChainImpl.statement_execute(FilterChainImpl.java:2600)
	at com.alibaba.druid.filter.FilterAdapter.statement_execute(FilterAdapter.java:2473)
	at com.alibaba.druid.filter.FilterEventAdapter.statement_execute(FilterEventAdapter.java:188)
	at com.alibaba.druid.filter.FilterChainImpl.statement_execute(FilterChainImpl.java:2598)
	at com.alibaba.druid.proxy.jdbc.StatementProxyImpl.execute(StatementProxyImpl.java:147)
	at com.alibaba.druid.pool.DruidPooledStatement.execute(DruidPooledStatement.java:558)
	at liquibase.executor.jvm.JdbcExecutor$ExecuteStatementCallback.doInStatement(JdbcExecutor.java:307)
	... 114 common frames omitted
